<?xml version="1.0" encoding="UTF-8"?>
<!-- Generated by org.testng.reporters.JUnitReportReporter -->
<testsuite hostname="Shrikant-Suryawanshi" failures="0" tests="1" name="com.TestAutomation.AdminPage" time="10.479" errors="0" timestamp="2025-07-29T12:11:27 IST" skipped="0">
  <testcase classname="com.TestAutomation.AdminPage" name="openapp" time="10.479"/>
</testsuite> <!-- com.TestAutomation.AdminPage -->
