<?xml version="1.0" encoding="UTF-8"?>
<!-- Generated by org.testng.reporters.JUnitReportReporter -->
<testsuite hostname="Shrikant-Suryawanshi" failures="0" tests="1" name="com.TestAutomation.OrderMgm" time="22.127" errors="0" timestamp="2025-08-01T12:02:00 IST" skipped="0">
  <testcase classname="com.TestAutomation.OrderMgm" name="SellOrder" time="22.127"/>
</testsuite> <!-- com.TestAutomation.OrderMgm -->
